### ISSUE TITLE
ThePreStub

### ISSUE THREAD

**Issue by dacheng-gao** [dacheng-learn/dotnet-runtime#59]
source code

```
coreclr/vm/arm64/asmhelpers.S:158
```

![Image](https://github.com/user-attachments/assets/a4e5ddd4-f451-48ad-b708-39275c1c05c9)

It's replaced by Jitted code entry.

**Comment by dacheng-gao** [comment]
```csharp
namespace ConsoleApp1;

class Program
{
    static void Main(string[] args)
    {
        int a = 100;
        int b = 50;
        int sum = 0;
        sum = Sum(a, b); // L10
    }

    static int Sum(int x, int y)
    {
        return x + y;
    }
}
```

**Comment by dacheng-gao** [comment]
```asm
(lldb) sos u 0x0000000104512128
Normal JIT generated code
ConsoleApp1.Program.Main(System.String[])
ilAddr is 00000001000C8250 pImport is 000000010BD44150
Begin 0000000104512128, size 7c

/Users/gdc/Sandbox/ConsoleApp1/ConsoleApp1/Program.cs @ 6:
>>> 0000000104512128 fd7bbda9             stp     x29, x30, [sp, #-0x30]!
000000010451212c fd030091             mov     x29, sp
0000000104512130 bf2700b9             str     wzr, [x29, #0x24]
0000000104512134 bf2300b9             str     wzr, [x29, #0x20]
0000000104512138 bf1f00b9             str     wzr, [x29, #0x1c]
000000010451213c a01700f9             str     x0, [x29, #0x28]
0000000104512140 00908ad2             mov     x0, #0x5480
0000000104512144 e093a0f2             movk    x0, #0x49f, lsl #16
0000000104512148 2000c0f2             movk    x0, #0x1, lsl #32
000000010451214c 000040b9             ldr     w0, [x0]
0000000104512150 40000034             cbz     w0, 0x104512158
0000000104512154 e4864697             bl      0x1016b3ce4
0000000104512158 1f2003d5             nop

/Users/gdc/Sandbox/ConsoleApp1/ConsoleApp1/Program.cs @ 7:
000000010451215c 800c8052             mov     w0, #0x64
0000000104512160 a02700b9             str     w0, [x29, #0x24]

/Users/gdc/Sandbox/ConsoleApp1/ConsoleApp1/Program.cs @ 8:
0000000104512164 40068052             mov     w0, #0x32
0000000104512168 a02300b9             str     w0, [x29, #0x20]

/Users/gdc/Sandbox/ConsoleApp1/ConsoleApp1/Program.cs @ 9:
000000010451216c bf1f00b9             str     wzr, [x29, #0x1c]

/Users/gdc/Sandbox/ConsoleApp1/ConsoleApp1/Program.cs @ 10:
0000000104512170 a02740b9             ldr     w0, [x29, #0x24]
0000000104512174 a12340b9             ldr     w1, [x29, #0x20]
0000000104512178 029088d2             mov     x2, #0x4480
000000010451217c 2294a0f2             movk    x2, #0x4a1, lsl #16
0000000104512180 2200c0f2             movk    x2, #0x1, lsl #32
0000000104512184 420040f9             ldr     x2, [x2]
0000000104512188 40003fd6             blr     x2
000000010451218c a01b00b9             str     w0, [x29, #0x18]
0000000104512190 a01b40b9             ldr     w0, [x29, #0x18]
0000000104512194 a01f00b9             str     w0, [x29, #0x1c]

/Users/gdc/Sandbox/ConsoleApp1/ConsoleApp1/Program.cs @ 11:
0000000104512198 1f2003d5             nop
000000010451219c fd7bc3a8             ldp     x29, x30, [sp], #0x30
00000001045121a0 c0035fd6             ret
```

**Comment by dacheng-gao** [comment]
After JIT, the method call for Sum() at line 10:

1. prepare params by load register w0, w1
2. call ThePreStub
3. get the return value from w0
4. save w0 to local variable at `[x29, #0x1c]`

**Comment by dacheng-gao** [comment]
Prepare ThePreStub:

```asm
(lldb) sos u 0x0000000104a10488
Unmanaged code
0000000104a10488 0c000258             ldr     x12, #0x4000
0000000104a1048c 2b000258             ldr     x11, #0x4004
0000000104a10490 60011fd6             br      x11
```

- load `MethodDesc *` at `[pc, #0x4000]` into x12, pc is `0000000104a10488`, the md is `0x00000001049f7800`
- load ThePreStub entry into x11, which is `0x0000000101926898` libcoreclr.dylib`ThePreStub
- call ThePreStub

ThePreStub:

```asm
(lldb) dis
libcoreclr.dylib`ThePreStub:
->  0x101926898 <+0>:   stp    x29, x30, [sp, #-0xb0]!
    0x10192689c <+4>:   mov    x29, sp
    0x1019268a0 <+8>:   stp    x19, x20, [sp, #0x10]
    0x1019268a4 <+12>:  stp    x21, x22, [sp, #0x20]
    0x1019268a8 <+16>:  stp    x23, x24, [sp, #0x30]
    0x1019268ac <+20>:  stp    x25, x26, [sp, #0x40]
    0x1019268b0 <+24>:  stp    x27, x28, [sp, #0x50]
    0x1019268b4 <+28>:  sub    sp, sp, #0x80
    0x1019268b8 <+32>:  str    x8, [sp, #0xe8]
    0x1019268bc <+36>:  stp    x0, x1, [sp, #0xf0]
    0x1019268c0 <+40>:  stp    x2, x3, [sp, #0x100]
    0x1019268c4 <+44>:  stp    x4, x5, [sp, #0x110]
    0x1019268c8 <+48>:  stp    x6, x7, [sp, #0x120]
    0x1019268cc <+52>:  stp    q0, q1, [sp]
    0x1019268d0 <+56>:  stp    q2, q3, [sp, #0x20]
    0x1019268d4 <+60>:  stp    q4, q5, [sp, #0x40]
    0x1019268d8 <+64>:  stp    q6, q7, [sp, #0x60]
    0x1019268dc <+68>:  add    x0, sp, #0x80
    0x1019268e0 <+72>:  mov    x1, x12
    0x1019268e4 <+76>:  bl     0x10152ac0c               ; ::PreStubWorker(TransitionBlock *, MethodDesc *) at prestub.cpp:2623
    0x1019268e8 <+80>:  mov    x9, x0
    0x1019268ec <+84>:  ldp    q0, q1, [sp]
    0x1019268f0 <+88>:  ldp    q2, q3, [sp, #0x20]
    0x1019268f4 <+92>:  ldp    q4, q5, [sp, #0x40]
    0x1019268f8 <+96>:  ldp    q6, q7, [sp, #0x60]
    0x1019268fc <+100>: ldr    x8, [sp, #0xe8]
    0x101926900 <+104>: ldp    x0, x1, [sp, #0xf0]
    0x101926904 <+108>: ldp    x2, x3, [sp, #0x100]
    0x101926908 <+112>: ldp    x4, x5, [sp, #0x110]
    0x10192690c <+116>: ldp    x6, x7, [sp, #0x120]
    0x101926910 <+120>: add    sp, sp, #0x80
    0x101926914 <+124>: ldp    x19, x20, [sp, #0x10]
    0x101926918 <+128>: ldp    x21, x22, [sp, #0x20]
    0x10192691c <+132>: ldp    x23, x24, [sp, #0x30]
    0x101926920 <+136>: ldp    x25, x26, [sp, #0x40]
    0x101926924 <+140>: ldp    x27, x28, [sp, #0x50]
    0x101926928 <+144>: ldp    x29, x30, [sp], #0xb0
    0x10192692c <+148>: br     x9
```

- store registers
- load `MethodDesc *` at x12 to x1
- call `::PreStubWorker`
- restore registers
- save returned value x0 to x9
- call x9, whic is `0x0000000104a10480`

```asm
(lldb) si
Process 41904 stopped
* thread #1, queue = 'com.apple.main-thread', stop reason = instruction step into
    frame #0: 0x0000000104a10480
->  0x104a10480: ldr    x11, #0x4000
    0x104a10484: br     x11
    0x104a10488: ldr    x12, #0x4000
    0x104a1048c: ldr    x11, #0x4004
(lldb) re r x11
     x11 = 0x00000000000fbf80
(lldb) p/x 0x104a10480+0x4000
(long) $1 = 0x0000000104a14480
(lldb) x -s 8 -f x 0x0000000104a14480
0x104a14480: 0x00000001045121c0 0x00000001049f7800
0x104a14490: 0x0000000101926898 0x0000000000000000
0x104a144a0: 0x0000000000000000 0x0000000000000000
0x104a144b0: 0x0000000000000000 0x0000000000000000
```

- get the actual compiled JIT code address, by read the value at `[pc + 0x4000]`, which is `0x00000001045121c0`

```shell
(lldb) dumpmd 0x00000001049f7800
Method Name:          ConsoleApp1.Program.Sum(Int32, Int32)
Class:                00000001049f78a8
MethodTable:          00000001049f78a8
mdToken:              0000000006000002
Module:               00000001049f4f78
IsJitted:             no
Current CodeAddr:     ffffffffffffffff
Version History:
  ILCodeVersion:      0000000000000000
  ReJIT ID:           0
  IL Addr:            00000001000c8270
     CodeAddr:           0000000000000000  (MinOptJitted)
     NativeCodeVersion:  0000000000000000


(lldb) dumpmd 0x00000001049f7800
Method Name:          ConsoleApp1.Program.Sum(Int32, Int32)
Class:                00000001049f78a8
MethodTable:          00000001049f78a8
mdToken:              0000000006000002
Module:               00000001049f4f78
IsJitted:             yes
Current CodeAddr:     00000001045121c0
Version History:
  ILCodeVersion:      0000000000000000
  ReJIT ID:           0
  IL Addr:            00000001000c8270
     CodeAddr:           00000001045121c0  (MinOptJitted)
     NativeCodeVersion:  0000000000000000
```

- before Jitted md
- after Jitted md

```asm
(lldb) sos u 0x00000001045121c0
Normal JIT generated code
ConsoleApp1.Program.Sum(Int32, Int32)
ilAddr is 00000001000C8270 pImport is 000000014AF8E870
Begin 00000001045121C0, size 50

/Users/gdc/Sandbox/ConsoleApp1/ConsoleApp1/Program.cs @ 14:
>>> 00000001045121c0 fd7bbea9             stp     x29, x30, [sp, #-0x20]!
00000001045121c4 fd030091             mov     x29, sp
00000001045121c8 bf1700b9             str     wzr, [x29, #0x14]
00000001045121cc a01f00b9             str     w0, [x29, #0x1c]
00000001045121d0 a11b00b9             str     w1, [x29, #0x18]
00000001045121d4 00908ad2             mov     x0, #0x5480
00000001045121d8 e093a0f2             movk    x0, #0x49f, lsl #16
00000001045121dc 2000c0f2             movk    x0, #0x1, lsl #32
00000001045121e0 000040b9             ldr     w0, [x0]
00000001045121e4 40000034             cbz     w0, 0x1045121ec
00000001045121e8 bf864697             bl      0x1016b3ce4
00000001045121ec 1f2003d5             nop

/Users/gdc/Sandbox/ConsoleApp1/ConsoleApp1/Program.cs @ 15:
00000001045121f0 a01f40b9             ldr     w0, [x29, #0x1c]
00000001045121f4 a11b40b9             ldr     w1, [x29, #0x18]
00000001045121f8 0000010b             add     w0, w0, w1
00000001045121fc a01700b9             str     w0, [x29, #0x14]
0000000104512200 1f2003d5             nop

/Users/gdc/Sandbox/ConsoleApp1/ConsoleApp1/Program.cs @ 16:
0000000104512204 a01740b9             ldr     w0, [x29, #0x14]
0000000104512208 fd7bc2a8             ldp     x29, x30, [sp], #0x20
000000010451220c c0035fd6             ret
```

This is the `Sum`.
